<?xml version="1.0" encoding="UTF-8"?>
<!-- Generated by org.testng.reporters.JUnitReportReporter -->
<testsuite skipped="0" hostname="N-20L6PF16Z7TL" name="TestNG.PhpWebapp" tests="1" failures="0" timestamp="29 Sep 2018 07:38:01 GMT" time="6.057" errors="0">
  <testcase name="verifylogin" time="6.057" classname="TestNG.PhpWebapp"/>
</testsuite> <!-- TestNG.PhpWebapp -->
